[0.731s] Invoking command in '/home/ritu/jazzy_ws/src/demo_pkg': DEBUGINFOD_URLS=https://debuginfod.ubuntu.com PYTHONPATH=/home/ritu/jazzy_ws/build/demo_pkg/prefix_override:/usr/lib/python3/dist-packages/colcon_core/task/python/colcon_distutils_commands:/home/ritu/jazzy_ws/install/demo_pkg/lib/python3.12/site-packages:${PYTHONPATH} /usr/bin/python3 -W ignore:setup.py install is deprecated -W ignore:easy_install command is deprecated setup.py egg_info --egg-base ../../build/demo_pkg build --build-base /home/ritu/jazzy_ws/build/demo_pkg/build install --record /home/ritu/jazzy_ws/build/demo_pkg/install.log --single-version-externally-managed install_data
[0.939s] running egg_info
[0.954s] writing ../../build/demo_pkg/demo_pkg.egg-info/PKG-INFO
[0.954s] writing dependency_links to ../../build/demo_pkg/demo_pkg.egg-info/dependency_links.txt
[0.954s] writing entry points to ../../build/demo_pkg/demo_pkg.egg-info/entry_points.txt
[0.954s] writing requirements to ../../build/demo_pkg/demo_pkg.egg-info/requires.txt
[0.954s] writing top-level names to ../../build/demo_pkg/demo_pkg.egg-info/top_level.txt
[0.984s] reading manifest file '../../build/demo_pkg/demo_pkg.egg-info/SOURCES.txt'
[0.985s] writing manifest file '../../build/demo_pkg/demo_pkg.egg-info/SOURCES.txt'
[0.985s] running build
[0.985s] running build_py
[0.985s] running install
[0.990s] running install_lib
[1.007s] running install_data
[1.007s] running install_egg_info
[1.025s] removing '/home/ritu/jazzy_ws/install/demo_pkg/lib/python3.12/site-packages/demo_pkg-0.0.0-py3.12.egg-info' (and everything under it)
[1.025s] Copying ../../build/demo_pkg/demo_pkg.egg-info to /home/ritu/jazzy_ws/install/demo_pkg/lib/python3.12/site-packages/demo_pkg-0.0.0-py3.12.egg-info
[1.026s] running install_scripts
[1.127s] Installing publisher script to /home/ritu/jazzy_ws/install/demo_pkg/lib/demo_pkg
[1.127s] Installing subscriber script to /home/ritu/jazzy_ws/install/demo_pkg/lib/demo_pkg
[1.127s] writing list of installed files to '/home/ritu/jazzy_ws/build/demo_pkg/install.log'
[1.155s] Invoked command in '/home/ritu/jazzy_ws/src/demo_pkg' returned '0': DEBUGINFOD_URLS=https://debuginfod.ubuntu.com PYTHONPATH=/home/ritu/jazzy_ws/build/demo_pkg/prefix_override:/usr/lib/python3/dist-packages/colcon_core/task/python/colcon_distutils_commands:/home/ritu/jazzy_ws/install/demo_pkg/lib/python3.12/site-packages:${PYTHONPATH} /usr/bin/python3 -W ignore:setup.py install is deprecated -W ignore:easy_install command is deprecated setup.py egg_info --egg-base ../../build/demo_pkg build --build-base /home/ritu/jazzy_ws/build/demo_pkg/build install --record /home/ritu/jazzy_ws/build/demo_pkg/install.log --single-version-externally-managed install_data
