[0.014s] Invoking command in '/home/ritu/jazzy_ws/build/yahboom_rosmaster_description': CMAKE_PREFIX_PATH=${CMAKE_PREFIX_PATH}:/opt/ros/jazzy DEBUGINFOD_URLS=https://debuginfod.ubuntu.com /usr/bin/cmake --build /home/ritu/jazzy_ws/build/yahboom_rosmaster_description -- -j4 -l4
[0.190s] Invoked command in '/home/ritu/jazzy_ws/build/yahboom_rosmaster_description' returned '0': CMAKE_PREFIX_PATH=${CMAKE_PREFIX_PATH}:/opt/ros/jazzy DEBUGINFOD_URLS=https://debuginfod.ubuntu.com /usr/bin/cmake --build /home/ritu/jazzy_ws/build/yahboom_rosmaster_description -- -j4 -l4
[0.197s] Invoking command in '/home/ritu/jazzy_ws/build/yahboom_rosmaster_description': CMAKE_PREFIX_PATH=${CMAKE_PREFIX_PATH}:/opt/ros/jazzy DEBUGINFOD_URLS=https://debuginfod.ubuntu.com /usr/bin/cmake --install /home/ritu/jazzy_ws/build/yahboom_rosmaster_description
[0.207s] -- Install configuration: ""
[0.207s] -- Up-to-date: /home/ritu/jazzy_ws/install/yahboom_rosmaster_description/share/yahboom_rosmaster_description/config
[0.207s] -- Up-to-date: /home/ritu/jazzy_ws/install/yahboom_rosmaster_description/share/yahboom_rosmaster_description/launch
[0.207s] -- Installing: /home/ritu/jazzy_ws/install/yahboom_rosmaster_description/share/yahboom_rosmaster_description/launch/log
[0.207s] -- Installing: /home/ritu/jazzy_ws/install/yahboom_rosmaster_description/share/yahboom_rosmaster_description/launch/log/latest_build
[0.208s] -- Installing: /home/ritu/jazzy_ws/install/yahboom_rosmaster_description/share/yahboom_rosmaster_description/launch/log/COLCON_IGNORE
[0.208s] -- Installing: /home/ritu/jazzy_ws/install/yahboom_rosmaster_description/share/yahboom_rosmaster_description/launch/log/latest
[0.208s] -- Installing: /home/ritu/jazzy_ws/install/yahboom_rosmaster_description/share/yahboom_rosmaster_description/launch/log/build_2026-05-29_21-37-16
[0.208s] -- Installing: /home/ritu/jazzy_ws/install/yahboom_rosmaster_description/share/yahboom_rosmaster_description/launch/log/build_2026-05-29_21-37-16/events.log
[0.208s] -- Installing: /home/ritu/jazzy_ws/install/yahboom_rosmaster_description/share/yahboom_rosmaster_description/launch/log/build_2026-05-29_21-37-16/logger_all.log
[0.208s] -- Installing: /home/ritu/jazzy_ws/install/yahboom_rosmaster_description/share/yahboom_rosmaster_description/launch/build
[0.208s] -- Installing: /home/ritu/jazzy_ws/install/yahboom_rosmaster_description/share/yahboom_rosmaster_description/launch/build/.built_by
[0.208s] -- Installing: /home/ritu/jazzy_ws/install/yahboom_rosmaster_description/share/yahboom_rosmaster_description/launch/build/COLCON_IGNORE
[0.209s] -- Installing: /home/ritu/jazzy_ws/install/yahboom_rosmaster_description/share/yahboom_rosmaster_description/launch/robot_state_publisher.launch.py
[0.209s] -- Installing: /home/ritu/jazzy_ws/install/yahboom_rosmaster_description/share/yahboom_rosmaster_description/launch/install
[0.209s] -- Installing: /home/ritu/jazzy_ws/install/yahboom_rosmaster_description/share/yahboom_rosmaster_description/launch/install/local_setup.zsh
[0.209s] -- Installing: /home/ritu/jazzy_ws/install/yahboom_rosmaster_description/share/yahboom_rosmaster_description/launch/install/_local_setup_util_sh.py
[0.209s] -- Installing: /home/ritu/jazzy_ws/install/yahboom_rosmaster_description/share/yahboom_rosmaster_description/launch/install/setup.bash
[0.209s] -- Installing: /home/ritu/jazzy_ws/install/yahboom_rosmaster_description/share/yahboom_rosmaster_description/launch/install/local_setup.bash
[0.209s] -- Installing: /home/ritu/jazzy_ws/install/yahboom_rosmaster_description/share/yahboom_rosmaster_description/launch/install/local_setup.ps1
[0.209s] -- Installing: /home/ritu/jazzy_ws/install/yahboom_rosmaster_description/share/yahboom_rosmaster_description/launch/install/COLCON_IGNORE
[0.209s] -- Installing: /home/ritu/jazzy_ws/install/yahboom_rosmaster_description/share/yahboom_rosmaster_description/launch/install/.colcon_install_layout
[0.209s] -- Installing: /home/ritu/jazzy_ws/install/yahboom_rosmaster_description/share/yahboom_rosmaster_description/launch/install/local_setup.sh
[0.209s] -- Installing: /home/ritu/jazzy_ws/install/yahboom_rosmaster_description/share/yahboom_rosmaster_description/launch/install/_local_setup_util_ps1.py
[0.209s] -- Installing: /home/ritu/jazzy_ws/install/yahboom_rosmaster_description/share/yahboom_rosmaster_description/launch/install/setup.ps1
[0.210s] -- Installing: /home/ritu/jazzy_ws/install/yahboom_rosmaster_description/share/yahboom_rosmaster_description/launch/install/setup.zsh
[0.210s] -- Installing: /home/ritu/jazzy_ws/install/yahboom_rosmaster_description/share/yahboom_rosmaster_description/launch/install/setup.sh
[0.210s] -- Up-to-date: /home/ritu/jazzy_ws/install/yahboom_rosmaster_description/share/yahboom_rosmaster_description/meshes
[0.210s] -- Up-to-date: /home/ritu/jazzy_ws/install/yahboom_rosmaster_description/share/yahboom_rosmaster_description/meshes/rosmaster_x3
[0.210s] -- Up-to-date: /home/ritu/jazzy_ws/install/yahboom_rosmaster_description/share/yahboom_rosmaster_description/meshes/rosmaster_x3/visual
[0.210s] -- Up-to-date: /home/ritu/jazzy_ws/install/yahboom_rosmaster_description/share/yahboom_rosmaster_description/meshes/rosmaster_x3/visual/front_left_wheel_X3.STL
[0.210s] -- Up-to-date: /home/ritu/jazzy_ws/install/yahboom_rosmaster_description/share/yahboom_rosmaster_description/meshes/rosmaster_x3/visual/base_link_X3.STL
[0.210s] -- Up-to-date: /home/ritu/jazzy_ws/install/yahboom_rosmaster_description/share/yahboom_rosmaster_description/meshes/rosmaster_x3/visual/front_right_wheel_X3.STL
[0.210s] -- Up-to-date: /home/ritu/jazzy_ws/install/yahboom_rosmaster_description/share/yahboom_rosmaster_description/meshes/rosmaster_x3/visual/back_right_wheel_X3.STL
[0.210s] -- Up-to-date: /home/ritu/jazzy_ws/install/yahboom_rosmaster_description/share/yahboom_rosmaster_description/meshes/rosmaster_x3/visual/back_left_wheel_X3.STL
[0.211s] -- Up-to-date: /home/ritu/jazzy_ws/install/yahboom_rosmaster_description/share/yahboom_rosmaster_description/meshes/rosmaster_x3/visual/camera_link.STL
[0.211s] -- Up-to-date: /home/ritu/jazzy_ws/install/yahboom_rosmaster_description/share/yahboom_rosmaster_description/meshes/rosmaster_x3/visual/laser_link.STL
[0.211s] -- Up-to-date: /home/ritu/jazzy_ws/install/yahboom_rosmaster_description/share/yahboom_rosmaster_description/meshes/intel_realsense
[0.211s] -- Up-to-date: /home/ritu/jazzy_ws/install/yahboom_rosmaster_description/share/yahboom_rosmaster_description/meshes/intel_realsense/visual
[0.211s] -- Up-to-date: /home/ritu/jazzy_ws/install/yahboom_rosmaster_description/share/yahboom_rosmaster_description/meshes/intel_realsense/visual/d435.stl
[0.211s] -- Up-to-date: /home/ritu/jazzy_ws/install/yahboom_rosmaster_description/share/yahboom_rosmaster_description/meshes/rplidar
[0.211s] -- Up-to-date: /home/ritu/jazzy_ws/install/yahboom_rosmaster_description/share/yahboom_rosmaster_description/meshes/rplidar/rplidar_s2.stl
[0.211s] -- Up-to-date: /home/ritu/jazzy_ws/install/yahboom_rosmaster_description/share/yahboom_rosmaster_description/urdf
[0.211s] -- Up-to-date: /home/ritu/jazzy_ws/install/yahboom_rosmaster_description/share/yahboom_rosmaster_description/urdf/robots
[0.212s] -- Up-to-date: /home/ritu/jazzy_ws/install/yahboom_rosmaster_description/share/yahboom_rosmaster_description/urdf/robots/rosmaster_x3.urdf.xacro
[0.212s] -- Up-to-date: /home/ritu/jazzy_ws/install/yahboom_rosmaster_description/share/yahboom_rosmaster_description/urdf/sensors
[0.212s] -- Up-to-date: /home/ritu/jazzy_ws/install/yahboom_rosmaster_description/share/yahboom_rosmaster_description/urdf/sensors/lidar.urdf.xacro
[0.212s] -- Up-to-date: /home/ritu/jazzy_ws/install/yahboom_rosmaster_description/share/yahboom_rosmaster_description/urdf/sensors/rgbd_camera.urdf.xacro
[0.212s] -- Up-to-date: /home/ritu/jazzy_ws/install/yahboom_rosmaster_description/share/yahboom_rosmaster_description/urdf/sensors/imu.urdf.xacro
[0.212s] -- Up-to-date: /home/ritu/jazzy_ws/install/yahboom_rosmaster_description/share/yahboom_rosmaster_description/urdf/mech
[0.212s] -- Up-to-date: /home/ritu/jazzy_ws/install/yahboom_rosmaster_description/share/yahboom_rosmaster_description/urdf/mech/mecanum_wheel.urdf.xacro
[0.213s] -- Up-to-date: /home/ritu/jazzy_ws/install/yahboom_rosmaster_description/share/yahboom_rosmaster_description/urdf/mech/rosmaster_x3_base.urdf.xacro
[0.213s] -- Up-to-date: /home/ritu/jazzy_ws/install/yahboom_rosmaster_description/share/yahboom_rosmaster_description/urdf/control
[0.213s] -- Up-to-date: /home/ritu/jazzy_ws/install/yahboom_rosmaster_description/share/yahboom_rosmaster_description/rviz
[0.213s] -- Installing: /home/ritu/jazzy_ws/install/yahboom_rosmaster_description/share/yahboom_rosmaster_description/rviz/yahboom_rosmaster_description.rviz
[0.213s] -- Up-to-date: /home/ritu/jazzy_ws/install/yahboom_rosmaster_description/share/ament_index/resource_index/package_run_dependencies/yahboom_rosmaster_description
[0.213s] -- Up-to-date: /home/ritu/jazzy_ws/install/yahboom_rosmaster_description/share/ament_index/resource_index/parent_prefix_path/yahboom_rosmaster_description
[0.213s] -- Up-to-date: /home/ritu/jazzy_ws/install/yahboom_rosmaster_description/share/yahboom_rosmaster_description/environment/ament_prefix_path.sh
[0.213s] -- Up-to-date: /home/ritu/jazzy_ws/install/yahboom_rosmaster_description/share/yahboom_rosmaster_description/environment/ament_prefix_path.dsv
[0.213s] -- Up-to-date: /home/ritu/jazzy_ws/install/yahboom_rosmaster_description/share/yahboom_rosmaster_description/environment/path.sh
[0.214s] -- Up-to-date: /home/ritu/jazzy_ws/install/yahboom_rosmaster_description/share/yahboom_rosmaster_description/environment/path.dsv
[0.214s] -- Up-to-date: /home/ritu/jazzy_ws/install/yahboom_rosmaster_description/share/yahboom_rosmaster_description/local_setup.bash
[0.214s] -- Up-to-date: /home/ritu/jazzy_ws/install/yahboom_rosmaster_description/share/yahboom_rosmaster_description/local_setup.sh
[0.214s] -- Up-to-date: /home/ritu/jazzy_ws/install/yahboom_rosmaster_description/share/yahboom_rosmaster_description/local_setup.zsh
[0.214s] -- Up-to-date: /home/ritu/jazzy_ws/install/yahboom_rosmaster_description/share/yahboom_rosmaster_description/local_setup.dsv
[0.214s] -- Installing: /home/ritu/jazzy_ws/install/yahboom_rosmaster_description/share/yahboom_rosmaster_description/package.dsv
[0.214s] -- Up-to-date: /home/ritu/jazzy_ws/install/yahboom_rosmaster_description/share/ament_index/resource_index/packages/yahboom_rosmaster_description
[0.214s] -- Up-to-date: /home/ritu/jazzy_ws/install/yahboom_rosmaster_description/share/yahboom_rosmaster_description/cmake/yahboom_rosmaster_descriptionConfig.cmake
[0.214s] -- Up-to-date: /home/ritu/jazzy_ws/install/yahboom_rosmaster_description/share/yahboom_rosmaster_description/cmake/yahboom_rosmaster_descriptionConfig-version.cmake
[0.214s] -- Up-to-date: /home/ritu/jazzy_ws/install/yahboom_rosmaster_description/share/yahboom_rosmaster_description/package.xml
[0.215s] Invoked command in '/home/ritu/jazzy_ws/build/yahboom_rosmaster_description' returned '0': CMAKE_PREFIX_PATH=${CMAKE_PREFIX_PATH}:/opt/ros/jazzy DEBUGINFOD_URLS=https://debuginfod.ubuntu.com /usr/bin/cmake --install /home/ritu/jazzy_ws/build/yahboom_rosmaster_description
