[0.015s] Invoking command in '/home/ritu/jazzy_ws/build/yahboom_rosmaster_description': CMAKE_PREFIX_PATH=${CMAKE_PREFIX_PATH}:/opt/ros/jazzy DEBUGINFOD_URLS=https://debuginfod.ubuntu.com /usr/bin/cmake /home/ritu/jazzy_ws/src/yahboom_rosmaster/yahboom_rosmaster_description -DCMAKE_INSTALL_PREFIX=/home/ritu/jazzy_ws/install/yahboom_rosmaster_description
[0.214s] -- The C compiler identification is GNU 13.3.0
[0.359s] -- The CXX compiler identification is GNU 13.3.0
[0.375s] -- Detecting C compiler ABI info
[0.460s] -- Detecting C compiler ABI info - done
[0.468s] -- Check for working C compiler: /usr/bin/cc - skipped
[0.469s] -- Detecting C compile features
[0.469s] -- Detecting C compile features - done
[0.478s] -- Detecting CXX compiler ABI info
[0.557s] -- Detecting CXX compiler ABI info - done
[0.564s] -- Check for working CXX compiler: /usr/bin/c++ - skipped
[0.564s] -- Detecting CXX compile features
[0.565s] -- Detecting CXX compile features - done
[0.579s] -- Found ament_cmake: 2.5.6 (/opt/ros/jazzy/share/ament_cmake/cmake)
[0.699s] -- Found Python3: /usr/bin/python3 (found version "3.12.3") found components: Interpreter 
[0.825s] -- Found ament_lint_auto: 0.17.5 (/opt/ros/jazzy/share/ament_lint_auto/cmake)
[0.936s] -- Added test 'lint_cmake' to check CMake code style
[0.937s] -- Added test 'xmllint' to check XML markup files
[0.939s] -- Configuring done (0.9s)
[0.942s] -- Generating done (0.0s)
[0.945s] -- Build files have been written to: /home/ritu/jazzy_ws/build/yahboom_rosmaster_description
[0.949s] Invoked command in '/home/ritu/jazzy_ws/build/yahboom_rosmaster_description' returned '0': CMAKE_PREFIX_PATH=${CMAKE_PREFIX_PATH}:/opt/ros/jazzy DEBUGINFOD_URLS=https://debuginfod.ubuntu.com /usr/bin/cmake /home/ritu/jazzy_ws/src/yahboom_rosmaster/yahboom_rosmaster_description -DCMAKE_INSTALL_PREFIX=/home/ritu/jazzy_ws/install/yahboom_rosmaster_description
[0.950s] Invoking command in '/home/ritu/jazzy_ws/build/yahboom_rosmaster_description': CMAKE_PREFIX_PATH=${CMAKE_PREFIX_PATH}:/opt/ros/jazzy DEBUGINFOD_URLS=https://debuginfod.ubuntu.com /usr/bin/cmake --build /home/ritu/jazzy_ws/build/yahboom_rosmaster_description -- -j4 -l4
[0.984s] Invoked command in '/home/ritu/jazzy_ws/build/yahboom_rosmaster_description' returned '0': CMAKE_PREFIX_PATH=${CMAKE_PREFIX_PATH}:/opt/ros/jazzy DEBUGINFOD_URLS=https://debuginfod.ubuntu.com /usr/bin/cmake --build /home/ritu/jazzy_ws/build/yahboom_rosmaster_description -- -j4 -l4
[0.992s] Invoking command in '/home/ritu/jazzy_ws/build/yahboom_rosmaster_description': CMAKE_PREFIX_PATH=${CMAKE_PREFIX_PATH}:/opt/ros/jazzy DEBUGINFOD_URLS=https://debuginfod.ubuntu.com /usr/bin/cmake --install /home/ritu/jazzy_ws/build/yahboom_rosmaster_description
[0.998s] -- Install configuration: ""
[0.998s] -- Installing: /home/ritu/jazzy_ws/install/yahboom_rosmaster_description/share/ament_index/resource_index/package_run_dependencies/yahboom_rosmaster_description
[0.999s] -- Installing: /home/ritu/jazzy_ws/install/yahboom_rosmaster_description/share/ament_index/resource_index/parent_prefix_path/yahboom_rosmaster_description
[0.999s] -- Installing: /home/ritu/jazzy_ws/install/yahboom_rosmaster_description/share/yahboom_rosmaster_description/environment/ament_prefix_path.sh
[0.999s] -- Installing: /home/ritu/jazzy_ws/install/yahboom_rosmaster_description/share/yahboom_rosmaster_description/environment/ament_prefix_path.dsv
[0.999s] -- Installing: /home/ritu/jazzy_ws/install/yahboom_rosmaster_description/share/yahboom_rosmaster_description/environment/path.sh
[0.999s] -- Installing: /home/ritu/jazzy_ws/install/yahboom_rosmaster_description/share/yahboom_rosmaster_description/environment/path.dsv
[0.999s] -- Installing: /home/ritu/jazzy_ws/install/yahboom_rosmaster_description/share/yahboom_rosmaster_description/local_setup.bash
[0.999s] -- Installing: /home/ritu/jazzy_ws/install/yahboom_rosmaster_description/share/yahboom_rosmaster_description/local_setup.sh
[0.999s] -- Installing: /home/ritu/jazzy_ws/install/yahboom_rosmaster_description/share/yahboom_rosmaster_description/local_setup.zsh
[0.999s] -- Installing: /home/ritu/jazzy_ws/install/yahboom_rosmaster_description/share/yahboom_rosmaster_description/local_setup.dsv
[1.000s] -- Installing: /home/ritu/jazzy_ws/install/yahboom_rosmaster_description/share/yahboom_rosmaster_description/package.dsv
[1.000s] -- Installing: /home/ritu/jazzy_ws/install/yahboom_rosmaster_description/share/ament_index/resource_index/packages/yahboom_rosmaster_description
[1.000s] -- Installing: /home/ritu/jazzy_ws/install/yahboom_rosmaster_description/share/yahboom_rosmaster_description/cmake/yahboom_rosmaster_descriptionConfig.cmake
[1.000s] -- Installing: /home/ritu/jazzy_ws/install/yahboom_rosmaster_description/share/yahboom_rosmaster_description/cmake/yahboom_rosmaster_descriptionConfig-version.cmake
[1.000s] -- Installing: /home/ritu/jazzy_ws/install/yahboom_rosmaster_description/share/yahboom_rosmaster_description/package.xml
[1.002s] Invoked command in '/home/ritu/jazzy_ws/build/yahboom_rosmaster_description' returned '0': CMAKE_PREFIX_PATH=${CMAKE_PREFIX_PATH}:/opt/ros/jazzy DEBUGINFOD_URLS=https://debuginfod.ubuntu.com /usr/bin/cmake --install /home/ritu/jazzy_ws/build/yahboom_rosmaster_description
