[0.013s] Invoking command in '/home/ritu/jazzy_ws/build/yahboom_rosmaster_description': CMAKE_PREFIX_PATH=${CMAKE_PREFIX_PATH}:/opt/ros/jazzy DEBUGINFOD_URLS=https://debuginfod.ubuntu.com /usr/bin/cmake --build /home/ritu/jazzy_ws/build/yahboom_rosmaster_description -- -j4 -l4
[0.039s] -- Found ament_cmake: 2.5.6 (/opt/ros/jazzy/share/ament_cmake/cmake)
[0.238s] -- Found urdf_tutorial: 1.1.0 (/opt/ros/jazzy/share/urdf_tutorial/cmake)
[0.238s] -- Found ament_lint_auto: 0.17.5 (/opt/ros/jazzy/share/ament_lint_auto/cmake)
[0.321s] -- Added test 'lint_cmake' to check CMake code style
[0.323s] -- Added test 'xmllint' to check XML markup files
[0.324s] -- Configuring done (0.3s)
[0.329s] -- Generating done (0.0s)
[0.331s] -- Build files have been written to: /home/ritu/jazzy_ws/build/yahboom_rosmaster_description
[0.348s] Invoked command in '/home/ritu/jazzy_ws/build/yahboom_rosmaster_description' returned '0': CMAKE_PREFIX_PATH=${CMAKE_PREFIX_PATH}:/opt/ros/jazzy DEBUGINFOD_URLS=https://debuginfod.ubuntu.com /usr/bin/cmake --build /home/ritu/jazzy_ws/build/yahboom_rosmaster_description -- -j4 -l4
[0.356s] Invoking command in '/home/ritu/jazzy_ws/build/yahboom_rosmaster_description': CMAKE_PREFIX_PATH=${CMAKE_PREFIX_PATH}:/opt/ros/jazzy DEBUGINFOD_URLS=https://debuginfod.ubuntu.com /usr/bin/cmake --install /home/ritu/jazzy_ws/build/yahboom_rosmaster_description
[0.363s] -- Install configuration: ""
[0.363s] -- Installing: /home/ritu/jazzy_ws/install/yahboom_rosmaster_description/share/yahboom_rosmaster_description/config
[0.363s] -- Installing: /home/ritu/jazzy_ws/install/yahboom_rosmaster_description/share/yahboom_rosmaster_description/launch
[0.363s] -- Installing: /home/ritu/jazzy_ws/install/yahboom_rosmaster_description/share/yahboom_rosmaster_description/meshes
[0.363s] -- Installing: /home/ritu/jazzy_ws/install/yahboom_rosmaster_description/share/yahboom_rosmaster_description/meshes/rosmaster_x3
[0.363s] -- Installing: /home/ritu/jazzy_ws/install/yahboom_rosmaster_description/share/yahboom_rosmaster_description/meshes/rosmaster_x3/visual
[0.363s] -- Installing: /home/ritu/jazzy_ws/install/yahboom_rosmaster_description/share/yahboom_rosmaster_description/meshes/rosmaster_x3/visual/front_left_wheel_X3.STL
[0.364s] -- Installing: /home/ritu/jazzy_ws/install/yahboom_rosmaster_description/share/yahboom_rosmaster_description/meshes/rosmaster_x3/visual/base_link_X3.STL
[0.366s] -- Installing: /home/ritu/jazzy_ws/install/yahboom_rosmaster_description/share/yahboom_rosmaster_description/meshes/rosmaster_x3/visual/front_right_wheel_X3.STL
[0.368s] -- Installing: /home/ritu/jazzy_ws/install/yahboom_rosmaster_description/share/yahboom_rosmaster_description/meshes/rosmaster_x3/visual/back_right_wheel_X3.STL
[0.369s] -- Installing: /home/ritu/jazzy_ws/install/yahboom_rosmaster_description/share/yahboom_rosmaster_description/meshes/rosmaster_x3/visual/back_left_wheel_X3.STL
[0.370s] -- Installing: /home/ritu/jazzy_ws/install/yahboom_rosmaster_description/share/yahboom_rosmaster_description/meshes/rosmaster_x3/visual/camera_link.STL
[0.370s] -- Installing: /home/ritu/jazzy_ws/install/yahboom_rosmaster_description/share/yahboom_rosmaster_description/meshes/rosmaster_x3/visual/laser_link.STL
[0.377s] -- Installing: /home/ritu/jazzy_ws/install/yahboom_rosmaster_description/share/yahboom_rosmaster_description/meshes/intel_realsense
[0.377s] -- Installing: /home/ritu/jazzy_ws/install/yahboom_rosmaster_description/share/yahboom_rosmaster_description/meshes/intel_realsense/visual
[0.377s] -- Installing: /home/ritu/jazzy_ws/install/yahboom_rosmaster_description/share/yahboom_rosmaster_description/meshes/intel_realsense/visual/d435.stl
[0.382s] -- Installing: /home/ritu/jazzy_ws/install/yahboom_rosmaster_description/share/yahboom_rosmaster_description/meshes/rplidar
[0.382s] -- Installing: /home/ritu/jazzy_ws/install/yahboom_rosmaster_description/share/yahboom_rosmaster_description/meshes/rplidar/rplidar_s2.stl
[0.384s] -- Installing: /home/ritu/jazzy_ws/install/yahboom_rosmaster_description/share/yahboom_rosmaster_description/urdf
[0.384s] -- Installing: /home/ritu/jazzy_ws/install/yahboom_rosmaster_description/share/yahboom_rosmaster_description/urdf/robots
[0.384s] -- Installing: /home/ritu/jazzy_ws/install/yahboom_rosmaster_description/share/yahboom_rosmaster_description/urdf/sensors
[0.385s] -- Installing: /home/ritu/jazzy_ws/install/yahboom_rosmaster_description/share/yahboom_rosmaster_description/urdf/mech
[0.385s] -- Installing: /home/ritu/jazzy_ws/install/yahboom_rosmaster_description/share/yahboom_rosmaster_description/urdf/control
[0.385s] -- Installing: /home/ritu/jazzy_ws/install/yahboom_rosmaster_description/share/yahboom_rosmaster_description/rviz
[0.386s] -- Installing: /home/ritu/jazzy_ws/install/yahboom_rosmaster_description/share/ament_index/resource_index/package_run_dependencies/yahboom_rosmaster_description
[0.386s] -- Up-to-date: /home/ritu/jazzy_ws/install/yahboom_rosmaster_description/share/ament_index/resource_index/parent_prefix_path/yahboom_rosmaster_description
[0.387s] -- Up-to-date: /home/ritu/jazzy_ws/install/yahboom_rosmaster_description/share/yahboom_rosmaster_description/environment/ament_prefix_path.sh
[0.387s] -- Up-to-date: /home/ritu/jazzy_ws/install/yahboom_rosmaster_description/share/yahboom_rosmaster_description/environment/ament_prefix_path.dsv
[0.387s] -- Up-to-date: /home/ritu/jazzy_ws/install/yahboom_rosmaster_description/share/yahboom_rosmaster_description/environment/path.sh
[0.388s] -- Up-to-date: /home/ritu/jazzy_ws/install/yahboom_rosmaster_description/share/yahboom_rosmaster_description/environment/path.dsv
[0.388s] -- Up-to-date: /home/ritu/jazzy_ws/install/yahboom_rosmaster_description/share/yahboom_rosmaster_description/local_setup.bash
[0.388s] -- Up-to-date: /home/ritu/jazzy_ws/install/yahboom_rosmaster_description/share/yahboom_rosmaster_description/local_setup.sh
[0.389s] -- Up-to-date: /home/ritu/jazzy_ws/install/yahboom_rosmaster_description/share/yahboom_rosmaster_description/local_setup.zsh
[0.389s] -- Up-to-date: /home/ritu/jazzy_ws/install/yahboom_rosmaster_description/share/yahboom_rosmaster_description/local_setup.dsv
[0.389s] -- Installing: /home/ritu/jazzy_ws/install/yahboom_rosmaster_description/share/yahboom_rosmaster_description/package.dsv
[0.390s] -- Up-to-date: /home/ritu/jazzy_ws/install/yahboom_rosmaster_description/share/ament_index/resource_index/packages/yahboom_rosmaster_description
[0.390s] -- Up-to-date: /home/ritu/jazzy_ws/install/yahboom_rosmaster_description/share/yahboom_rosmaster_description/cmake/yahboom_rosmaster_descriptionConfig.cmake
[0.390s] -- Up-to-date: /home/ritu/jazzy_ws/install/yahboom_rosmaster_description/share/yahboom_rosmaster_description/cmake/yahboom_rosmaster_descriptionConfig-version.cmake
[0.390s] -- Installing: /home/ritu/jazzy_ws/install/yahboom_rosmaster_description/share/yahboom_rosmaster_description/package.xml
[0.390s] Invoked command in '/home/ritu/jazzy_ws/build/yahboom_rosmaster_description' returned '0': CMAKE_PREFIX_PATH=${CMAKE_PREFIX_PATH}:/opt/ros/jazzy DEBUGINFOD_URLS=https://debuginfod.ubuntu.com /usr/bin/cmake --install /home/ritu/jazzy_ws/build/yahboom_rosmaster_description
