[0.722s] Invoking command in '/home/ritu/jazzy_ws/src/demo_pkg': DEBUGINFOD_URLS=https://debuginfod.ubuntu.com PYTHONPATH=/home/ritu/jazzy_ws/build/demo_pkg/prefix_override:/usr/lib/python3/dist-packages/colcon_core/task/python/colcon_distutils_commands:/home/ritu/jazzy_ws/install/demo_pkg/lib/python3.12/site-packages:${PYTHONPATH} /usr/bin/python3 -W ignore:setup.py install is deprecated -W ignore:easy_install command is deprecated setup.py egg_info --egg-base ../../build/demo_pkg build --build-base /home/ritu/jazzy_ws/build/demo_pkg/build install --record /home/ritu/jazzy_ws/build/demo_pkg/install.log --single-version-externally-managed install_data
[0.924s] running egg_info
[0.939s] writing ../../build/demo_pkg/demo_pkg.egg-info/PKG-INFO
[0.942s] writing dependency_links to ../../build/demo_pkg/demo_pkg.egg-info/dependency_links.txt
[0.942s] writing entry points to ../../build/demo_pkg/demo_pkg.egg-info/entry_points.txt
[0.942s] writing requirements to ../../build/demo_pkg/demo_pkg.egg-info/requires.txt
[0.942s] writing top-level names to ../../build/demo_pkg/demo_pkg.egg-info/top_level.txt
[0.973s] reading manifest file '../../build/demo_pkg/demo_pkg.egg-info/SOURCES.txt'
[0.973s] writing manifest file '../../build/demo_pkg/demo_pkg.egg-info/SOURCES.txt'
[0.973s] running build
[0.973s] running build_py
[0.974s] running install
[0.979s] running install_lib
[0.994s] running install_data
[0.995s] running install_egg_info
[1.011s] removing '/home/ritu/jazzy_ws/install/demo_pkg/lib/python3.12/site-packages/demo_pkg-0.0.0-py3.12.egg-info' (and everything under it)
[1.012s] Copying ../../build/demo_pkg/demo_pkg.egg-info to /home/ritu/jazzy_ws/install/demo_pkg/lib/python3.12/site-packages/demo_pkg-0.0.0-py3.12.egg-info
[1.012s] running install_scripts
[1.119s] Installing publisher script to /home/ritu/jazzy_ws/install/demo_pkg/lib/demo_pkg
[1.122s] Installing subscriber script to /home/ritu/jazzy_ws/install/demo_pkg/lib/demo_pkg
[1.122s] writing list of installed files to '/home/ritu/jazzy_ws/build/demo_pkg/install.log'
[1.150s] Invoked command in '/home/ritu/jazzy_ws/src/demo_pkg' returned '0': DEBUGINFOD_URLS=https://debuginfod.ubuntu.com PYTHONPATH=/home/ritu/jazzy_ws/build/demo_pkg/prefix_override:/usr/lib/python3/dist-packages/colcon_core/task/python/colcon_distutils_commands:/home/ritu/jazzy_ws/install/demo_pkg/lib/python3.12/site-packages:${PYTHONPATH} /usr/bin/python3 -W ignore:setup.py install is deprecated -W ignore:easy_install command is deprecated setup.py egg_info --egg-base ../../build/demo_pkg build --build-base /home/ritu/jazzy_ws/build/demo_pkg/build install --record /home/ritu/jazzy_ws/build/demo_pkg/install.log --single-version-externally-managed install_data
