-- Install configuration: ""
-- Up-to-date: /home/ritu/jazzy_ws/install/yahboom_rosmaster_description/share/yahboom_rosmaster_description/config
-- Up-to-date: /home/ritu/jazzy_ws/install/yahboom_rosmaster_description/share/yahboom_rosmaster_description/launch
-- Up-to-date: /home/ritu/jazzy_ws/install/yahboom_rosmaster_description/share/yahboom_rosmaster_description/launch/log
-- Up-to-date: /home/ritu/jazzy_ws/install/yahboom_rosmaster_description/share/yahboom_rosmaster_description/launch/log/latest_build
-- Up-to-date: /home/ritu/jazzy_ws/install/yahboom_rosmaster_description/share/yahboom_rosmaster_description/launch/log/COLCON_IGNORE
-- Up-to-date: /home/ritu/jazzy_ws/install/yahboom_rosmaster_description/share/yahboom_rosmaster_description/launch/log/latest
-- Up-to-date: /home/ritu/jazzy_ws/install/yahboom_rosmaster_description/share/yahboom_rosmaster_description/launch/log/build_2026-05-29_21-37-16
-- Up-to-date: /home/ritu/jazzy_ws/install/yahboom_rosmaster_description/share/yahboom_rosmaster_description/launch/log/build_2026-05-29_21-37-16/events.log
-- Up-to-date: /home/ritu/jazzy_ws/install/yahboom_rosmaster_description/share/yahboom_rosmaster_description/launch/log/build_2026-05-29_21-37-16/logger_all.log
-- Up-to-date: /home/ritu/jazzy_ws/install/yahboom_rosmaster_description/share/yahboom_rosmaster_description/launch/build
-- Up-to-date: /home/ritu/jazzy_ws/install/yahboom_rosmaster_description/share/yahboom_rosmaster_description/launch/build/.built_by
-- Up-to-date: /home/ritu/jazzy_ws/install/yahboom_rosmaster_description/share/yahboom_rosmaster_description/launch/build/COLCON_IGNORE
-- Up-to-date: /home/ritu/jazzy_ws/install/yahboom_rosmaster_description/share/yahboom_rosmaster_description/launch/robot_state_publisher.launch.py
-- Up-to-date: /home/ritu/jazzy_ws/install/yahboom_rosmaster_description/share/yahboom_rosmaster_description/launch/install
-- Up-to-date: /home/ritu/jazzy_ws/install/yahboom_rosmaster_description/share/yahboom_rosmaster_description/launch/install/local_setup.zsh
-- Up-to-date: /home/ritu/jazzy_ws/install/yahboom_rosmaster_description/share/yahboom_rosmaster_description/launch/install/_local_setup_util_sh.py
-- Up-to-date: /home/ritu/jazzy_ws/install/yahboom_rosmaster_description/share/yahboom_rosmaster_description/launch/install/setup.bash
-- Up-to-date: /home/ritu/jazzy_ws/install/yahboom_rosmaster_description/share/yahboom_rosmaster_description/launch/install/local_setup.bash
-- Up-to-date: /home/ritu/jazzy_ws/install/yahboom_rosmaster_description/share/yahboom_rosmaster_description/launch/install/local_setup.ps1
-- Up-to-date: /home/ritu/jazzy_ws/install/yahboom_rosmaster_description/share/yahboom_rosmaster_description/launch/install/COLCON_IGNORE
-- Up-to-date: /home/ritu/jazzy_ws/install/yahboom_rosmaster_description/share/yahboom_rosmaster_description/launch/install/.colcon_install_layout
-- Up-to-date: /home/ritu/jazzy_ws/install/yahboom_rosmaster_description/share/yahboom_rosmaster_description/launch/install/local_setup.sh
-- Up-to-date: /home/ritu/jazzy_ws/install/yahboom_rosmaster_description/share/yahboom_rosmaster_description/launch/install/_local_setup_util_ps1.py
-- Up-to-date: /home/ritu/jazzy_ws/install/yahboom_rosmaster_description/share/yahboom_rosmaster_description/launch/install/setup.ps1
-- Up-to-date: /home/ritu/jazzy_ws/install/yahboom_rosmaster_description/share/yahboom_rosmaster_description/launch/install/setup.zsh
-- Up-to-date: /home/ritu/jazzy_ws/install/yahboom_rosmaster_description/share/yahboom_rosmaster_description/launch/install/setup.sh
-- Up-to-date: /home/ritu/jazzy_ws/install/yahboom_rosmaster_description/share/yahboom_rosmaster_description/meshes
-- Up-to-date: /home/ritu/jazzy_ws/install/yahboom_rosmaster_description/share/yahboom_rosmaster_description/meshes/rosmaster_x3
-- Up-to-date: /home/ritu/jazzy_ws/install/yahboom_rosmaster_description/share/yahboom_rosmaster_description/meshes/rosmaster_x3/visual
-- Up-to-date: /home/ritu/jazzy_ws/install/yahboom_rosmaster_description/share/yahboom_rosmaster_description/meshes/rosmaster_x3/visual/front_left_wheel_X3.STL
-- Up-to-date: /home/ritu/jazzy_ws/install/yahboom_rosmaster_description/share/yahboom_rosmaster_description/meshes/rosmaster_x3/visual/base_link_X3.STL
-- Up-to-date: /home/ritu/jazzy_ws/install/yahboom_rosmaster_description/share/yahboom_rosmaster_description/meshes/rosmaster_x3/visual/front_right_wheel_X3.STL
-- Up-to-date: /home/ritu/jazzy_ws/install/yahboom_rosmaster_description/share/yahboom_rosmaster_description/meshes/rosmaster_x3/visual/back_right_wheel_X3.STL
-- Up-to-date: /home/ritu/jazzy_ws/install/yahboom_rosmaster_description/share/yahboom_rosmaster_description/meshes/rosmaster_x3/visual/back_left_wheel_X3.STL
-- Up-to-date: /home/ritu/jazzy_ws/install/yahboom_rosmaster_description/share/yahboom_rosmaster_description/meshes/rosmaster_x3/visual/camera_link.STL
-- Up-to-date: /home/ritu/jazzy_ws/install/yahboom_rosmaster_description/share/yahboom_rosmaster_description/meshes/rosmaster_x3/visual/laser_link.STL
-- Up-to-date: /home/ritu/jazzy_ws/install/yahboom_rosmaster_description/share/yahboom_rosmaster_description/meshes/intel_realsense
-- Up-to-date: /home/ritu/jazzy_ws/install/yahboom_rosmaster_description/share/yahboom_rosmaster_description/meshes/intel_realsense/visual
-- Up-to-date: /home/ritu/jazzy_ws/install/yahboom_rosmaster_description/share/yahboom_rosmaster_description/meshes/intel_realsense/visual/d435.stl
-- Up-to-date: /home/ritu/jazzy_ws/install/yahboom_rosmaster_description/share/yahboom_rosmaster_description/meshes/rplidar
-- Up-to-date: /home/ritu/jazzy_ws/install/yahboom_rosmaster_description/share/yahboom_rosmaster_description/meshes/rplidar/rplidar_s2.stl
-- Up-to-date: /home/ritu/jazzy_ws/install/yahboom_rosmaster_description/share/yahboom_rosmaster_description/urdf
-- Up-to-date: /home/ritu/jazzy_ws/install/yahboom_rosmaster_description/share/yahboom_rosmaster_description/urdf/robots
-- Up-to-date: /home/ritu/jazzy_ws/install/yahboom_rosmaster_description/share/yahboom_rosmaster_description/urdf/robots/rosmaster_x3.urdf.xacro
-- Up-to-date: /home/ritu/jazzy_ws/install/yahboom_rosmaster_description/share/yahboom_rosmaster_description/urdf/sensors
-- Up-to-date: /home/ritu/jazzy_ws/install/yahboom_rosmaster_description/share/yahboom_rosmaster_description/urdf/sensors/lidar.urdf.xacro
-- Up-to-date: /home/ritu/jazzy_ws/install/yahboom_rosmaster_description/share/yahboom_rosmaster_description/urdf/sensors/rgbd_camera.urdf.xacro
-- Up-to-date: /home/ritu/jazzy_ws/install/yahboom_rosmaster_description/share/yahboom_rosmaster_description/urdf/sensors/imu.urdf.xacro
-- Up-to-date: /home/ritu/jazzy_ws/install/yahboom_rosmaster_description/share/yahboom_rosmaster_description/urdf/mech
-- Up-to-date: /home/ritu/jazzy_ws/install/yahboom_rosmaster_description/share/yahboom_rosmaster_description/urdf/mech/mecanum_wheel.urdf.xacro
-- Up-to-date: /home/ritu/jazzy_ws/install/yahboom_rosmaster_description/share/yahboom_rosmaster_description/urdf/mech/rosmaster_x3_base.urdf.xacro
-- Up-to-date: /home/ritu/jazzy_ws/install/yahboom_rosmaster_description/share/yahboom_rosmaster_description/urdf/control
-- Up-to-date: /home/ritu/jazzy_ws/install/yahboom_rosmaster_description/share/yahboom_rosmaster_description/rviz
-- Up-to-date: /home/ritu/jazzy_ws/install/yahboom_rosmaster_description/share/yahboom_rosmaster_description/rviz/yahboom_rosmaster_description.rviz
-- Up-to-date: /home/ritu/jazzy_ws/install/yahboom_rosmaster_description/share/ament_index/resource_index/package_run_dependencies/yahboom_rosmaster_description
-- Up-to-date: /home/ritu/jazzy_ws/install/yahboom_rosmaster_description/share/ament_index/resource_index/parent_prefix_path/yahboom_rosmaster_description
-- Up-to-date: /home/ritu/jazzy_ws/install/yahboom_rosmaster_description/share/yahboom_rosmaster_description/environment/ament_prefix_path.sh
-- Up-to-date: /home/ritu/jazzy_ws/install/yahboom_rosmaster_description/share/yahboom_rosmaster_description/environment/ament_prefix_path.dsv
-- Up-to-date: /home/ritu/jazzy_ws/install/yahboom_rosmaster_description/share/yahboom_rosmaster_description/environment/path.sh
-- Up-to-date: /home/ritu/jazzy_ws/install/yahboom_rosmaster_description/share/yahboom_rosmaster_description/environment/path.dsv
-- Up-to-date: /home/ritu/jazzy_ws/install/yahboom_rosmaster_description/share/yahboom_rosmaster_description/local_setup.bash
-- Up-to-date: /home/ritu/jazzy_ws/install/yahboom_rosmaster_description/share/yahboom_rosmaster_description/local_setup.sh
-- Up-to-date: /home/ritu/jazzy_ws/install/yahboom_rosmaster_description/share/yahboom_rosmaster_description/local_setup.zsh
-- Up-to-date: /home/ritu/jazzy_ws/install/yahboom_rosmaster_description/share/yahboom_rosmaster_description/local_setup.dsv
-- Installing: /home/ritu/jazzy_ws/install/yahboom_rosmaster_description/share/yahboom_rosmaster_description/package.dsv
-- Up-to-date: /home/ritu/jazzy_ws/install/yahboom_rosmaster_description/share/ament_index/resource_index/packages/yahboom_rosmaster_description
-- Up-to-date: /home/ritu/jazzy_ws/install/yahboom_rosmaster_description/share/yahboom_rosmaster_description/cmake/yahboom_rosmaster_descriptionConfig.cmake
-- Up-to-date: /home/ritu/jazzy_ws/install/yahboom_rosmaster_description/share/yahboom_rosmaster_description/cmake/yahboom_rosmaster_descriptionConfig-version.cmake
-- Up-to-date: /home/ritu/jazzy_ws/install/yahboom_rosmaster_description/share/yahboom_rosmaster_description/package.xml
