[0.863s] Invoking command in '/home/ritu/jazzy_ws/src/demo_pkg': DEBUGINFOD_URLS=https://debuginfod.ubuntu.com PYTHONPATH=/home/ritu/jazzy_ws/build/demo_pkg/prefix_override:/usr/lib/python3/dist-packages/colcon_core/task/python/colcon_distutils_commands:/home/ritu/jazzy_ws/install/demo_pkg/lib/python3.12/site-packages:${PYTHONPATH} /usr/bin/python3 -W ignore:setup.py install is deprecated -W ignore:easy_install command is deprecated setup.py egg_info --egg-base ../../build/demo_pkg build --build-base /home/ritu/jazzy_ws/build/demo_pkg/build install --record /home/ritu/jazzy_ws/build/demo_pkg/install.log --single-version-externally-managed install_data
[1.064s] running egg_info
[1.078s] writing ../../build/demo_pkg/demo_pkg.egg-info/PKG-INFO
[1.078s] writing dependency_links to ../../build/demo_pkg/demo_pkg.egg-info/dependency_links.txt
[1.078s] writing entry points to ../../build/demo_pkg/demo_pkg.egg-info/entry_points.txt
[1.078s] writing requirements to ../../build/demo_pkg/demo_pkg.egg-info/requires.txt
[1.078s] writing top-level names to ../../build/demo_pkg/demo_pkg.egg-info/top_level.txt
[1.109s] reading manifest file '../../build/demo_pkg/demo_pkg.egg-info/SOURCES.txt'
[1.111s] writing manifest file '../../build/demo_pkg/demo_pkg.egg-info/SOURCES.txt'
[1.111s] running build
[1.111s] running build_py
[1.112s] running install
[1.117s] running install_lib
[1.133s] running install_data
[1.133s] copying package.xml -> /home/ritu/jazzy_ws/install/demo_pkg/share/demo_pkg
[1.133s] running install_egg_info
[1.149s] removing '/home/ritu/jazzy_ws/install/demo_pkg/lib/python3.12/site-packages/demo_pkg-0.0.0-py3.12.egg-info' (and everything under it)
[1.149s] Copying ../../build/demo_pkg/demo_pkg.egg-info to /home/ritu/jazzy_ws/install/demo_pkg/lib/python3.12/site-packages/demo_pkg-0.0.0-py3.12.egg-info
[1.150s] running install_scripts
[1.250s] Installing publisher script to /home/ritu/jazzy_ws/install/demo_pkg/lib/demo_pkg
[1.250s] Installing subscriber script to /home/ritu/jazzy_ws/install/demo_pkg/lib/demo_pkg
[1.250s] writing list of installed files to '/home/ritu/jazzy_ws/build/demo_pkg/install.log'
[1.277s] Invoked command in '/home/ritu/jazzy_ws/src/demo_pkg' returned '0': DEBUGINFOD_URLS=https://debuginfod.ubuntu.com PYTHONPATH=/home/ritu/jazzy_ws/build/demo_pkg/prefix_override:/usr/lib/python3/dist-packages/colcon_core/task/python/colcon_distutils_commands:/home/ritu/jazzy_ws/install/demo_pkg/lib/python3.12/site-packages:${PYTHONPATH} /usr/bin/python3 -W ignore:setup.py install is deprecated -W ignore:easy_install command is deprecated setup.py egg_info --egg-base ../../build/demo_pkg build --build-base /home/ritu/jazzy_ws/build/demo_pkg/build install --record /home/ritu/jazzy_ws/build/demo_pkg/install.log --single-version-externally-managed install_data
