[0.007s] Invoking command in '/home/ritu/jazzy_ws/build/yahboom_rosmaster': AMENT_PREFIX_PATH=/home/ritu/jazzy_ws/install/yahboom_rosmaster_description:${AMENT_PREFIX_PATH} CMAKE_PREFIX_PATH=/home/ritu/jazzy_ws/install/yahboom_rosmaster_description:/home/ritu/ros2_ws/install/mycobot_ros2:/home/ritu/ros2_ws/install/mycobot_system_tests:/home/ritu/ros2_ws/install/mycobot_moveit_config:/home/ritu/ros2_ws/install/mycobot_gazebo:/home/ritu/ros2_ws/install/mycobot_description:/home/ritu/ros2_ws/install/mycobot_bringup:/opt/ros/jazzy/opt/gz_sim_vendor:/opt/ros/jazzy/opt/gz_sensors_vendor:/opt/ros/jazzy/opt/gz_physics_vendor:/opt/ros/jazzy/opt/sdformat_vendor:/opt/ros/jazzy/opt/gz_gui_vendor:/opt/ros/jazzy/opt/gz_transport_vendor:/opt/ros/jazzy/opt/gz_rendering_vendor:/opt/ros/jazzy/opt/gz_plugin_vendor:/opt/ros/jazzy/opt/gz_fuel_tools_vendor:/opt/ros/jazzy/opt/gz_msgs_vendor:/opt/ros/jazzy/opt/gz_common_vendor:/opt/ros/jazzy/opt/gz_math_vendor:/opt/ros/jazzy/opt/gz_utils_vendor:/opt/ros/jazzy/opt/gz_tools_vendor:/opt/ros/jazzy/opt/gz_ogre_next_vendor:/opt/ros/jazzy/opt/gz_dartsim_vendor:/opt/ros/jazzy/opt/gz_cmake_vendor:/opt/ros/jazzy DEBUGINFOD_URLS=https://debuginfod.ubuntu.com /usr/bin/cmake /home/ritu/jazzy_ws/src/yahboom_rosmaster/yahboom_rosmaster -DCMAKE_INSTALL_PREFIX=/home/ritu/jazzy_ws/install/yahboom_rosmaster
[0.055s] -- The C compiler identification is GNU 13.3.0
[0.100s] -- The CXX compiler identification is GNU 13.3.0
[0.112s] -- Detecting C compiler ABI info
[0.180s] -- Detecting C compiler ABI info - done
[0.193s] -- Check for working C compiler: /usr/bin/cc - skipped
[0.194s] -- Detecting C compile features
[0.194s] -- Detecting C compile features - done
[0.203s] -- Detecting CXX compiler ABI info
[0.279s] -- Detecting CXX compiler ABI info - done
[0.293s] -- Check for working CXX compiler: /usr/bin/c++ - skipped
[0.293s] -- Detecting CXX compile features
[0.294s] -- Detecting CXX compile features - done
[0.299s] -- Found ament_cmake: 2.5.6 (/opt/ros/jazzy/share/ament_cmake/cmake)
[0.429s] -- Found Python3: /usr/bin/python3 (found version "3.12.3") found components: Interpreter 
[0.523s] -- Found ament_lint_auto: 0.17.5 (/opt/ros/jazzy/share/ament_lint_auto/cmake)
[0.612s] -- Added test 'lint_cmake' to check CMake code style
[0.613s] -- Added test 'xmllint' to check XML markup files
[0.614s] -- Configuring done (0.6s)
[0.619s] -- Generating done (0.0s)
[0.620s] -- Build files have been written to: /home/ritu/jazzy_ws/build/yahboom_rosmaster
[0.624s] Invoked command in '/home/ritu/jazzy_ws/build/yahboom_rosmaster' returned '0': AMENT_PREFIX_PATH=/home/ritu/jazzy_ws/install/yahboom_rosmaster_description:${AMENT_PREFIX_PATH} CMAKE_PREFIX_PATH=/home/ritu/jazzy_ws/install/yahboom_rosmaster_description:/home/ritu/ros2_ws/install/mycobot_ros2:/home/ritu/ros2_ws/install/mycobot_system_tests:/home/ritu/ros2_ws/install/mycobot_moveit_config:/home/ritu/ros2_ws/install/mycobot_gazebo:/home/ritu/ros2_ws/install/mycobot_description:/home/ritu/ros2_ws/install/mycobot_bringup:/opt/ros/jazzy/opt/gz_sim_vendor:/opt/ros/jazzy/opt/gz_sensors_vendor:/opt/ros/jazzy/opt/gz_physics_vendor:/opt/ros/jazzy/opt/sdformat_vendor:/opt/ros/jazzy/opt/gz_gui_vendor:/opt/ros/jazzy/opt/gz_transport_vendor:/opt/ros/jazzy/opt/gz_rendering_vendor:/opt/ros/jazzy/opt/gz_plugin_vendor:/opt/ros/jazzy/opt/gz_fuel_tools_vendor:/opt/ros/jazzy/opt/gz_msgs_vendor:/opt/ros/jazzy/opt/gz_common_vendor:/opt/ros/jazzy/opt/gz_math_vendor:/opt/ros/jazzy/opt/gz_utils_vendor:/opt/ros/jazzy/opt/gz_tools_vendor:/opt/ros/jazzy/opt/gz_ogre_next_vendor:/opt/ros/jazzy/opt/gz_dartsim_vendor:/opt/ros/jazzy/opt/gz_cmake_vendor:/opt/ros/jazzy DEBUGINFOD_URLS=https://debuginfod.ubuntu.com /usr/bin/cmake /home/ritu/jazzy_ws/src/yahboom_rosmaster/yahboom_rosmaster -DCMAKE_INSTALL_PREFIX=/home/ritu/jazzy_ws/install/yahboom_rosmaster
[0.625s] Invoking command in '/home/ritu/jazzy_ws/build/yahboom_rosmaster': AMENT_PREFIX_PATH=/home/ritu/jazzy_ws/install/yahboom_rosmaster_description:${AMENT_PREFIX_PATH} CMAKE_PREFIX_PATH=/home/ritu/jazzy_ws/install/yahboom_rosmaster_description:/home/ritu/ros2_ws/install/mycobot_ros2:/home/ritu/ros2_ws/install/mycobot_system_tests:/home/ritu/ros2_ws/install/mycobot_moveit_config:/home/ritu/ros2_ws/install/mycobot_gazebo:/home/ritu/ros2_ws/install/mycobot_description:/home/ritu/ros2_ws/install/mycobot_bringup:/opt/ros/jazzy/opt/gz_sim_vendor:/opt/ros/jazzy/opt/gz_sensors_vendor:/opt/ros/jazzy/opt/gz_physics_vendor:/opt/ros/jazzy/opt/sdformat_vendor:/opt/ros/jazzy/opt/gz_gui_vendor:/opt/ros/jazzy/opt/gz_transport_vendor:/opt/ros/jazzy/opt/gz_rendering_vendor:/opt/ros/jazzy/opt/gz_plugin_vendor:/opt/ros/jazzy/opt/gz_fuel_tools_vendor:/opt/ros/jazzy/opt/gz_msgs_vendor:/opt/ros/jazzy/opt/gz_common_vendor:/opt/ros/jazzy/opt/gz_math_vendor:/opt/ros/jazzy/opt/gz_utils_vendor:/opt/ros/jazzy/opt/gz_tools_vendor:/opt/ros/jazzy/opt/gz_ogre_next_vendor:/opt/ros/jazzy/opt/gz_dartsim_vendor:/opt/ros/jazzy/opt/gz_cmake_vendor:/opt/ros/jazzy DEBUGINFOD_URLS=https://debuginfod.ubuntu.com /usr/bin/cmake --build /home/ritu/jazzy_ws/build/yahboom_rosmaster -- -j4 -l4
[0.653s] Invoked command in '/home/ritu/jazzy_ws/build/yahboom_rosmaster' returned '0': AMENT_PREFIX_PATH=/home/ritu/jazzy_ws/install/yahboom_rosmaster_description:${AMENT_PREFIX_PATH} CMAKE_PREFIX_PATH=/home/ritu/jazzy_ws/install/yahboom_rosmaster_description:/home/ritu/ros2_ws/install/mycobot_ros2:/home/ritu/ros2_ws/install/mycobot_system_tests:/home/ritu/ros2_ws/install/mycobot_moveit_config:/home/ritu/ros2_ws/install/mycobot_gazebo:/home/ritu/ros2_ws/install/mycobot_description:/home/ritu/ros2_ws/install/mycobot_bringup:/opt/ros/jazzy/opt/gz_sim_vendor:/opt/ros/jazzy/opt/gz_sensors_vendor:/opt/ros/jazzy/opt/gz_physics_vendor:/opt/ros/jazzy/opt/sdformat_vendor:/opt/ros/jazzy/opt/gz_gui_vendor:/opt/ros/jazzy/opt/gz_transport_vendor:/opt/ros/jazzy/opt/gz_rendering_vendor:/opt/ros/jazzy/opt/gz_plugin_vendor:/opt/ros/jazzy/opt/gz_fuel_tools_vendor:/opt/ros/jazzy/opt/gz_msgs_vendor:/opt/ros/jazzy/opt/gz_common_vendor:/opt/ros/jazzy/opt/gz_math_vendor:/opt/ros/jazzy/opt/gz_utils_vendor:/opt/ros/jazzy/opt/gz_tools_vendor:/opt/ros/jazzy/opt/gz_ogre_next_vendor:/opt/ros/jazzy/opt/gz_dartsim_vendor:/opt/ros/jazzy/opt/gz_cmake_vendor:/opt/ros/jazzy DEBUGINFOD_URLS=https://debuginfod.ubuntu.com /usr/bin/cmake --build /home/ritu/jazzy_ws/build/yahboom_rosmaster -- -j4 -l4
[0.654s] Invoking command in '/home/ritu/jazzy_ws/build/yahboom_rosmaster': AMENT_PREFIX_PATH=/home/ritu/jazzy_ws/install/yahboom_rosmaster_description:${AMENT_PREFIX_PATH} CMAKE_PREFIX_PATH=/home/ritu/jazzy_ws/install/yahboom_rosmaster_description:/home/ritu/ros2_ws/install/mycobot_ros2:/home/ritu/ros2_ws/install/mycobot_system_tests:/home/ritu/ros2_ws/install/mycobot_moveit_config:/home/ritu/ros2_ws/install/mycobot_gazebo:/home/ritu/ros2_ws/install/mycobot_description:/home/ritu/ros2_ws/install/mycobot_bringup:/opt/ros/jazzy/opt/gz_sim_vendor:/opt/ros/jazzy/opt/gz_sensors_vendor:/opt/ros/jazzy/opt/gz_physics_vendor:/opt/ros/jazzy/opt/sdformat_vendor:/opt/ros/jazzy/opt/gz_gui_vendor:/opt/ros/jazzy/opt/gz_transport_vendor:/opt/ros/jazzy/opt/gz_rendering_vendor:/opt/ros/jazzy/opt/gz_plugin_vendor:/opt/ros/jazzy/opt/gz_fuel_tools_vendor:/opt/ros/jazzy/opt/gz_msgs_vendor:/opt/ros/jazzy/opt/gz_common_vendor:/opt/ros/jazzy/opt/gz_math_vendor:/opt/ros/jazzy/opt/gz_utils_vendor:/opt/ros/jazzy/opt/gz_tools_vendor:/opt/ros/jazzy/opt/gz_ogre_next_vendor:/opt/ros/jazzy/opt/gz_dartsim_vendor:/opt/ros/jazzy/opt/gz_cmake_vendor:/opt/ros/jazzy DEBUGINFOD_URLS=https://debuginfod.ubuntu.com /usr/bin/cmake --install /home/ritu/jazzy_ws/build/yahboom_rosmaster
[0.660s] -- Install configuration: ""
[0.660s] -- Installing: /home/ritu/jazzy_ws/install/yahboom_rosmaster/share/ament_index/resource_index/package_run_dependencies/yahboom_rosmaster
[0.661s] -- Installing: /home/ritu/jazzy_ws/install/yahboom_rosmaster/share/ament_index/resource_index/parent_prefix_path/yahboom_rosmaster
[0.661s] -- Installing: /home/ritu/jazzy_ws/install/yahboom_rosmaster/share/yahboom_rosmaster/environment/ament_prefix_path.sh
[0.661s] -- Installing: /home/ritu/jazzy_ws/install/yahboom_rosmaster/share/yahboom_rosmaster/environment/ament_prefix_path.dsv
[0.661s] -- Installing: /home/ritu/jazzy_ws/install/yahboom_rosmaster/share/yahboom_rosmaster/environment/path.sh
[0.661s] -- Installing: /home/ritu/jazzy_ws/install/yahboom_rosmaster/share/yahboom_rosmaster/environment/path.dsv
[0.661s] -- Installing: /home/ritu/jazzy_ws/install/yahboom_rosmaster/share/yahboom_rosmaster/local_setup.bash
[0.661s] -- Installing: /home/ritu/jazzy_ws/install/yahboom_rosmaster/share/yahboom_rosmaster/local_setup.sh
[0.661s] -- Installing: /home/ritu/jazzy_ws/install/yahboom_rosmaster/share/yahboom_rosmaster/local_setup.zsh
[0.661s] -- Installing: /home/ritu/jazzy_ws/install/yahboom_rosmaster/share/yahboom_rosmaster/local_setup.dsv
[0.661s] -- Installing: /home/ritu/jazzy_ws/install/yahboom_rosmaster/share/yahboom_rosmaster/package.dsv
[0.661s] -- Installing: /home/ritu/jazzy_ws/install/yahboom_rosmaster/share/ament_index/resource_index/packages/yahboom_rosmaster
[0.662s] -- Installing: /home/ritu/jazzy_ws/install/yahboom_rosmaster/share/yahboom_rosmaster/cmake/yahboom_rosmasterConfig.cmake
[0.662s] -- Installing: /home/ritu/jazzy_ws/install/yahboom_rosmaster/share/yahboom_rosmaster/cmake/yahboom_rosmasterConfig-version.cmake
[0.662s] -- Installing: /home/ritu/jazzy_ws/install/yahboom_rosmaster/share/yahboom_rosmaster/package.xml
[0.663s] Invoked command in '/home/ritu/jazzy_ws/build/yahboom_rosmaster' returned '0': AMENT_PREFIX_PATH=/home/ritu/jazzy_ws/install/yahboom_rosmaster_description:${AMENT_PREFIX_PATH} CMAKE_PREFIX_PATH=/home/ritu/jazzy_ws/install/yahboom_rosmaster_description:/home/ritu/ros2_ws/install/mycobot_ros2:/home/ritu/ros2_ws/install/mycobot_system_tests:/home/ritu/ros2_ws/install/mycobot_moveit_config:/home/ritu/ros2_ws/install/mycobot_gazebo:/home/ritu/ros2_ws/install/mycobot_description:/home/ritu/ros2_ws/install/mycobot_bringup:/opt/ros/jazzy/opt/gz_sim_vendor:/opt/ros/jazzy/opt/gz_sensors_vendor:/opt/ros/jazzy/opt/gz_physics_vendor:/opt/ros/jazzy/opt/sdformat_vendor:/opt/ros/jazzy/opt/gz_gui_vendor:/opt/ros/jazzy/opt/gz_transport_vendor:/opt/ros/jazzy/opt/gz_rendering_vendor:/opt/ros/jazzy/opt/gz_plugin_vendor:/opt/ros/jazzy/opt/gz_fuel_tools_vendor:/opt/ros/jazzy/opt/gz_msgs_vendor:/opt/ros/jazzy/opt/gz_common_vendor:/opt/ros/jazzy/opt/gz_math_vendor:/opt/ros/jazzy/opt/gz_utils_vendor:/opt/ros/jazzy/opt/gz_tools_vendor:/opt/ros/jazzy/opt/gz_ogre_next_vendor:/opt/ros/jazzy/opt/gz_dartsim_vendor:/opt/ros/jazzy/opt/gz_cmake_vendor:/opt/ros/jazzy DEBUGINFOD_URLS=https://debuginfod.ubuntu.com /usr/bin/cmake --install /home/ritu/jazzy_ws/build/yahboom_rosmaster
