running egg_info
writing ../../build/demo_pkg/demo_pkg.egg-info/PKG-INFO
writing dependency_links to ../../build/demo_pkg/demo_pkg.egg-info/dependency_links.txt
writing entry points to ../../build/demo_pkg/demo_pkg.egg-info/entry_points.txt
writing requirements to ../../build/demo_pkg/demo_pkg.egg-info/requires.txt
writing top-level names to ../../build/demo_pkg/demo_pkg.egg-info/top_level.txt
reading manifest file '../../build/demo_pkg/demo_pkg.egg-info/SOURCES.txt'
writing manifest file '../../build/demo_pkg/demo_pkg.egg-info/SOURCES.txt'
running build
running build_py
running install
running install_lib
running install_data
copying package.xml -> /home/ritu/jazzy_ws/install/demo_pkg/share/demo_pkg
running install_egg_info
removing '/home/ritu/jazzy_ws/install/demo_pkg/lib/python3.12/site-packages/demo_pkg-0.0.0-py3.12.egg-info' (and everything under it)
Copying ../../build/demo_pkg/demo_pkg.egg-info to /home/ritu/jazzy_ws/install/demo_pkg/lib/python3.12/site-packages/demo_pkg-0.0.0-py3.12.egg-info
running install_scripts
Installing publisher script to /home/ritu/jazzy_ws/install/demo_pkg/lib/demo_pkg
Installing subscriber script to /home/ritu/jazzy_ws/install/demo_pkg/lib/demo_pkg
writing list of installed files to '/home/ritu/jazzy_ws/build/demo_pkg/install.log'
