running egg_info
creating ../../build/demo_pkg/demo_pkg.egg-info
writing ../../build/demo_pkg/demo_pkg.egg-info/PKG-INFO
writing dependency_links to ../../build/demo_pkg/demo_pkg.egg-info/dependency_links.txt
writing entry points to ../../build/demo_pkg/demo_pkg.egg-info/entry_points.txt
writing requirements to ../../build/demo_pkg/demo_pkg.egg-info/requires.txt
writing top-level names to ../../build/demo_pkg/demo_pkg.egg-info/top_level.txt
writing manifest file '../../build/demo_pkg/demo_pkg.egg-info/SOURCES.txt'
reading manifest file '../../build/demo_pkg/demo_pkg.egg-info/SOURCES.txt'
writing manifest file '../../build/demo_pkg/demo_pkg.egg-info/SOURCES.txt'
running build
running build_py
creating /home/ritu/jazzy_ws/build/demo_pkg/build
creating /home/ritu/jazzy_ws/build/demo_pkg/build/lib
creating /home/ritu/jazzy_ws/build/demo_pkg/build/lib/demo_pkg
copying demo_pkg/__init__.py -> /home/ritu/jazzy_ws/build/demo_pkg/build/lib/demo_pkg
copying demo_pkg/publisher_python.py -> /home/ritu/jazzy_ws/build/demo_pkg/build/lib/demo_pkg
copying demo_pkg/subscriber_python.py -> /home/ritu/jazzy_ws/build/demo_pkg/build/lib/demo_pkg
running install
running install_lib
creating /home/ritu/jazzy_ws/install/demo_pkg/lib/python3.12/site-packages/demo_pkg
copying /home/ritu/jazzy_ws/build/demo_pkg/build/lib/demo_pkg/__init__.py -> /home/ritu/jazzy_ws/install/demo_pkg/lib/python3.12/site-packages/demo_pkg
copying /home/ritu/jazzy_ws/build/demo_pkg/build/lib/demo_pkg/publisher_python.py -> /home/ritu/jazzy_ws/install/demo_pkg/lib/python3.12/site-packages/demo_pkg
copying /home/ritu/jazzy_ws/build/demo_pkg/build/lib/demo_pkg/subscriber_python.py -> /home/ritu/jazzy_ws/install/demo_pkg/lib/python3.12/site-packages/demo_pkg
byte-compiling /home/ritu/jazzy_ws/install/demo_pkg/lib/python3.12/site-packages/demo_pkg/__init__.py to __init__.cpython-312.pyc
byte-compiling /home/ritu/jazzy_ws/install/demo_pkg/lib/python3.12/site-packages/demo_pkg/publisher_python.py to publisher_python.cpython-312.pyc
byte-compiling /home/ritu/jazzy_ws/install/demo_pkg/lib/python3.12/site-packages/demo_pkg/subscriber_python.py to subscriber_python.cpython-312.pyc
running install_data
creating /home/ritu/jazzy_ws/install/demo_pkg/share/ament_index
creating /home/ritu/jazzy_ws/install/demo_pkg/share/ament_index/resource_index
creating /home/ritu/jazzy_ws/install/demo_pkg/share/ament_index/resource_index/packages
copying resource/demo_pkg -> /home/ritu/jazzy_ws/install/demo_pkg/share/ament_index/resource_index/packages
copying package.xml -> /home/ritu/jazzy_ws/install/demo_pkg/share/demo_pkg
running install_egg_info
Copying ../../build/demo_pkg/demo_pkg.egg-info to /home/ritu/jazzy_ws/install/demo_pkg/lib/python3.12/site-packages/demo_pkg-0.0.0-py3.12.egg-info
running install_scripts
Installing publisher script to /home/ritu/jazzy_ws/install/demo_pkg/lib/demo_pkg
Installing subscriber script to /home/ritu/jazzy_ws/install/demo_pkg/lib/demo_pkg
writing list of installed files to '/home/ritu/jazzy_ws/build/demo_pkg/install.log'
